<?xml version="1.0" encoding="UTF-8"?>
<!-- Generated by org.testng.reporters.JUnitReportReporter -->
<testsuite hostname="LIN-5CD5324Z9P" failures="0" tests="1" name="tests.LoginWithCorrectDetails" time="0.000" errors="1" timestamp="2025-09-22T17:25:31 IST" skipped="0">
  <testcase classname="tests.LoginWithCorrectDetails" name="testLogin" time="0.000">
    <error message="
Method public void tests.LoginWithCorrectDetails.testLogin(java.util.Map) requires a @DataProvider named : loginData in class dataProvider.DataProviders" type="org.testng.TestNGException">
      <![CDATA[org.testng.TestNGException: 
Method public void tests.LoginWithCorrectDetails.testLogin(java.util.Map) requires a @DataProvider named : loginData in class dataProvider.DataProviders
at org.testng.internal.Parameters.findDataProvider(Parameters.java:526)
at org.testng.internal.Parameters.handleParameters(Parameters.java:763)
at org.testng.internal.Parameters.handleParameters(Parameters.java:728)
at org.testng.internal.invokers.ParameterHandler.handleParameters(ParameterHandler.java:72)
at org.testng.internal.invokers.ParameterHandler.createParameters(ParameterHandler.java:51)
at org.testng.internal.invokers.TestInvoker$MethodInvocationAgent.invoke(TestInvoker.java:911)
at org.testng.internal.invokers.TestInvoker.invokeTestMethods(TestInvoker.java:200)
at org.testng.internal.invokers.TestMethodWorker.invokeTestMethods(TestMethodWorker.java:148)
at org.testng.internal.invokers.TestMethodWorker.run(TestMethodWorker.java:128)
at java.base/java.util.concurrent.ThreadPoolExecutor.runWorker(ThreadPoolExecutor.java:1144)
at java.base/java.util.concurrent.ThreadPoolExecutor$Worker.run(ThreadPoolExecutor.java:642)
at java.base/java.lang.Thread.run(Thread.java:1583)
]]>
    </error>
  </testcase> <!-- testLogin -->
</testsuite> <!-- tests.LoginWithCorrectDetails -->
